<?xml version="1.0" encoding="UTF-8"?>
<testng-results ignored="0" total="3" passed="3" failed="0" skipped="0">
  <reporter-output>
  </reporter-output>
  <suite started-at="2023-05-23T17:08:49 IST" name="Default suite" finished-at="2023-05-23T17:09:25 IST" duration-ms="36115">
    <groups>
    </groups>
    <test started-at="2023-05-23T17:08:49 IST" name="Default test" finished-at="2023-05-23T17:09:25 IST" duration-ms="36115">
      <class name="testNGAnnotations.GoogleSearchTestCase">
        <test-method is-config="true" signature="propertyMethod()[pri:0, instance:testNGAnnotations.GoogleSearchTestCase@6babf3bf]" started-at="2023-05-23T17:08:49 IST" name="propertyMethod" finished-at="2023-05-23T17:08:49 IST" duration-ms="15" status="PASS">
          <reporter-output>
          </reporter-output>
        </test-method> <!-- propertyMethod -->
        <test-method is-config="true" signature="setUp()[pri:0, instance:testNGAnnotations.GoogleSearchTestCase@6babf3bf]" started-at="2023-05-23T17:08:49 IST" name="setUp" finished-at="2023-05-23T17:08:55 IST" duration-ms="6440" status="PASS">
          <reporter-output>
          </reporter-output>
        </test-method> <!-- setUp -->
        <test-method signature="search1()[pri:0, instance:testNGAnnotations.GoogleSearchTestCase@6babf3bf]" started-at="2023-05-23T17:08:55 IST" name="search1" finished-at="2023-05-23T17:09:00 IST" duration-ms="4597" status="PASS">
          <reporter-output>
          </reporter-output>
        </test-method> <!-- search1 -->
        <test-method is-config="true" signature="teardown()[pri:0, instance:testNGAnnotations.GoogleSearchTestCase@6babf3bf]" started-at="2023-05-23T17:09:00 IST" name="teardown" finished-at="2023-05-23T17:09:02 IST" duration-ms="2185" status="PASS">
          <reporter-output>
          </reporter-output>
        </test-method> <!-- teardown -->
        <test-method is-config="true" signature="setUp()[pri:0, instance:testNGAnnotations.GoogleSearchTestCase@6babf3bf]" started-at="2023-05-23T17:09:02 IST" name="setUp" finished-at="2023-05-23T17:09:07 IST" duration-ms="4809" status="PASS">
          <reporter-output>
          </reporter-output>
        </test-method> <!-- setUp -->
        <test-method signature="search2()[pri:0, instance:testNGAnnotations.GoogleSearchTestCase@6babf3bf]" started-at="2023-05-23T17:09:07 IST" name="search2" finished-at="2023-05-23T17:09:11 IST" duration-ms="4472" status="PASS">
          <reporter-output>
          </reporter-output>
        </test-method> <!-- search2 -->
        <test-method is-config="true" signature="teardown()[pri:0, instance:testNGAnnotations.GoogleSearchTestCase@6babf3bf]" started-at="2023-05-23T17:09:11 IST" name="teardown" finished-at="2023-05-23T17:09:13 IST" duration-ms="2175" status="PASS">
          <reporter-output>
          </reporter-output>
        </test-method> <!-- teardown -->
        <test-method is-config="true" signature="setUp()[pri:0, instance:testNGAnnotations.GoogleSearchTestCase@6babf3bf]" started-at="2023-05-23T17:09:13 IST" name="setUp" finished-at="2023-05-23T17:09:20 IST" duration-ms="6224" status="PASS">
          <reporter-output>
          </reporter-output>
        </test-method> <!-- setUp -->
        <test-method signature="search3()[pri:0, instance:testNGAnnotations.GoogleSearchTestCase@6babf3bf]" started-at="2023-05-23T17:09:20 IST" name="search3" finished-at="2023-05-23T17:09:22 IST" duration-ms="2901" status="PASS">
          <reporter-output>
          </reporter-output>
        </test-method> <!-- search3 -->
        <test-method is-config="true" signature="teardown()[pri:0, instance:testNGAnnotations.GoogleSearchTestCase@6babf3bf]" started-at="2023-05-23T17:09:23 IST" name="teardown" finished-at="2023-05-23T17:09:25 IST" duration-ms="2196" status="PASS">
          <reporter-output>
          </reporter-output>
        </test-method> <!-- teardown -->
      </class> <!-- testNGAnnotations.GoogleSearchTestCase -->
    </test> <!-- Default test -->
  </suite> <!-- Default suite -->
</testng-results>
