<?xml version="1.0" encoding="UTF-8"?>
<testng-results ignored="0" total="3" passed="3" failed="0" skipped="0">
  <reporter-output>
    <line>
      <![CDATA[login performed!!!]]>
    </line>
    <line>
      <![CDATA[user Created!!]]>
    </line>
    <line>
      <![CDATA[logout Performed!!!]]>
    </line>
  </reporter-output>
  <suite started-at="2023-05-26T10:56:36 IST" name="Default suite" finished-at="2023-05-26T10:56:36 IST" duration-ms="82">
    <groups>
    </groups>
    <test started-at="2023-05-26T10:56:36 IST" name="Default test" finished-at="2023-05-26T10:56:36 IST" duration-ms="82">
      <class name="testNGFlags.Flag5DependsOn">
        <test-method signature="loginMethod()[pri:0, instance:testNGFlags.Flag5DependsOn@61386958]" started-at="2023-05-26T10:56:36 IST" name="loginMethod" description="Login TestCase!!" finished-at="2023-05-26T10:56:36 IST" duration-ms="10" status="PASS">
          <reporter-output>
            <line>
              <![CDATA[login performed!!!]]>
            </line>
          </reporter-output>
        </test-method> <!-- loginMethod -->
        <test-method signature="createUser()[pri:0, instance:testNGFlags.Flag5DependsOn@61386958]" started-at="2023-05-26T10:56:36 IST" name="createUser" description="CreateUser TestCase" finished-at="2023-05-26T10:56:36 IST" depends-on-methods="testNGFlags.Flag5DependsOn.loginMethod" duration-ms="1" status="PASS">
          <reporter-output>
            <line>
              <![CDATA[user Created!!]]>
            </line>
          </reporter-output>
        </test-method> <!-- createUser -->
        <test-method signature="logoutMethod()[pri:0, instance:testNGFlags.Flag5DependsOn@61386958]" started-at="2023-05-26T10:56:36 IST" name="logoutMethod" description="Logout TestCase" finished-at="2023-05-26T10:56:36 IST" depends-on-methods="testNGFlags.Flag5DependsOn.createUser" duration-ms="2" status="PASS">
          <reporter-output>
            <line>
              <![CDATA[logout Performed!!!]]>
            </line>
          </reporter-output>
        </test-method> <!-- logoutMethod -->
      </class> <!-- testNGFlags.Flag5DependsOn -->
    </test> <!-- Default test -->
  </suite> <!-- Default suite -->
</testng-results>
