<?xml version="1.0" encoding="UTF-8"?>
<!-- Generated by org.testng.reporters.JUnitXMLReporter -->
<testsuite ignored="0" hostname="DESKTOP-81GRUB6" failures="1" tests="9" name="Test" time="0.116" errors="0" timestamp="2023-05-23T09:42:20 IST">
  <testcase classname="testNGpack2.DemoTest3" name="g" time="0.01"/>
  <testcase classname="testNGpack2.DemoTest3" name="h" time="0.002"/>
  <testcase classname="testNGpack2.DemoTest3" name="i" time="0.002"/>
  <testcase classname="testNGpack2.DemoTest1" name="a" time="0.001"/>
  <testcase classname="testNGpack2.DemoTest1" name="b" time="0.001"/>
  <testcase classname="testNGpack2.DemoTest1" name="c" time="0.002"/>
  <testcase classname="testNGpack2.DemoTest2" name="e" time="0.002"/>
  <testcase classname="testNGpack2.DemoTest2" name="f" time="0.001"/>
  <testcase classname="testNGpack2.DemoTest2" name="f1" time="0.001">
    <failure type="java.lang.ArithmeticException" message="/ by zero">
      <![CDATA[java.lang.ArithmeticException: / by zero
at testNGpack2.DemoTest2.f1(DemoTest2.java:19)
at java.base/java.util.ArrayList.forEach(ArrayList.java:1511)
... Removed 27 stack frames]]>
    </failure>
  </testcase> <!-- f1 -->
</testsuite> <!-- Test -->
