<?xml version="1.0" encoding="UTF-8"?>
<!-- Generated by org.testng.reporters.JUnitXMLReporter -->
<testsuite ignored="0" hostname="DESKTOP-81GRUB6" failures="0" tests="3" name="Default test" time="36.115" errors="0" timestamp="2023-05-23T17:09:25 IST">
  <testcase classname="testNGAnnotations.GoogleSearchTestCase" name="search1" time="4.597"/>
  <testcase classname="testNGAnnotations.GoogleSearchTestCase" name="search2" time="4.472"/>
  <testcase classname="testNGAnnotations.GoogleSearchTestCase" name="search3" time="2.901"/>
</testsuite> <!-- Default test -->
