<?xml version="1.0" encoding="UTF-8"?>
<!-- Generated by org.testng.reporters.JUnitXMLReporter -->
<testsuite ignored="0" hostname="DESKTOP-81GRUB6" failures="0" tests="3" name="Default test" time="0.082" errors="0" timestamp="2023-05-26T10:56:36 IST">
  <testcase classname="testNGFlags.Flag5DependsOn" name="loginMethod" time="0.01"/>
  <testcase classname="testNGFlags.Flag5DependsOn" name="createUser" time="0.001"/>
  <testcase classname="testNGFlags.Flag5DependsOn" name="logoutMethod" time="0.002"/>
</testsuite> <!-- Default test -->
